<html>
<head>
<title>TestNG:  Chrome Test</title>
<link href="../testng.css" rel="stylesheet" type="text/css" />
<link href="../my-testng.css" rel="stylesheet" type="text/css" />

<style type="text/css">
.log { display: none;} 
.stack-trace { display: none;} 
</style>
<script type="text/javascript">
<!--
function flip(e) {
  current = e.style.display;
  if (current == 'block') {
    e.style.display = 'none';
    return 0;
  }
  else {
    e.style.display = 'block';
    return 1;
  }
}

function toggleBox(szDivId, elem, msg1, msg2)
{
  var res = -1;  if (document.getElementById) {
    res = flip(document.getElementById(szDivId));
  }
  else if (document.all) {
    // this is the way old msie versions work
    res = flip(document.all[szDivId]);
  }
  if(elem) {
    if(res == 0) elem.innerHTML = msg1; else elem.innerHTML = msg2;
  }

}

function toggleAllBoxes() {
  if (document.getElementsByTagName) {
    d = document.getElementsByTagName('div');
    for (i = 0; i < d.length; i++) {
      if (d[i].className == 'log') {
        flip(d[i]);
      }
    }
  }
}

// -->
</script>

</head>
<body>
<h2 align='center'>Chrome Test</h2><table border='1' align="center">
<tr>
<td>Tests passed/Failed/Skipped:</td><td>0/4/0</td>
</tr><tr>
<td>Started on:</td><td>Fri Oct 31 11:11:46 EDT 2025</td>
</tr>
<tr><td>Total time:</td><td>5 seconds (5948 ms)</td>
</tr><tr>
<td>Included groups:</td><td></td>
</tr><tr>
<td>Excluded groups:</td><td></td>
</tr>
</table><p/>
<small><i>(Hover the method name to see the test class name)</i></small><p/>
<table width='100%' border='1' class='invocation-failed'>
<tr><td colspan='4' align='center'><b>FAILED TESTS</b></td></tr>
<tr><td><b>Test method</b></td>
<td><b>Attribute(s)</b></td>
<td width="30%"><b>Exception</b></td>
<td width="10%"><b>Time (seconds)</b></td>
<td><b>Instance</b></td>
</tr>
<tr>
<td title='runner.CucumberTestRunner.runScenario()'><b>runScenario</b><br>Test class: runner.CucumberTestRunner<br>Test method: Runs Cucumber Scenarios<br>Parameters: "Login with invalid credentials", "Login to Poco Mega Store"</td>
<td><div><pre>java.lang.IllegalArgumentException: Driver must be set
	at org.openqa.selenium.internal.Require.nonNull(Require.java:63)
	at org.openqa.selenium.interactions.Actions.&lt;init&gt;(Actions.java:67)
	at org.openqa.selenium.interactions.Actions.&lt;init&gt;(Actions.java:63)
	at pages.HomePage.navigateToLogin(HomePage.java:42)
	at tests.LoginPageTest.goToLoginPage(LoginPageTest.java:35)
	at ✽.User is on Poco Mega Store login page &quot;https://ecommerce-playground.lambdatest.io/index.php?route=account/login&quot;(file:///C:/Users/jessp/eclipse-workspace/automation-practice/src/test/resources/features/LoginPage.feature:4)
</pre></div><a href='#' onClick='toggleBox("stack-trace475816303", this, "Click to show all stack frames", "Click to hide stack frames")'>Click to show all stack frames</a>
<div class='stack-trace' id='stack-trace475816303'><pre>java.lang.IllegalArgumentException: Driver must be set
	at org.openqa.selenium.internal.Require.nonNull(Require.java:63)
	at org.openqa.selenium.interactions.Actions.&lt;init&gt;(Actions.java:67)
	at org.openqa.selenium.interactions.Actions.&lt;init&gt;(Actions.java:63)
	at pages.HomePage.navigateToLogin(HomePage.java:42)
	at tests.LoginPageTest.goToLoginPage(LoginPageTest.java:35)
	at ✽.User is on Poco Mega Store login page &quot;https://ecommerce-playground.lambdatest.io/index.php?route=account/login&quot;(file:///C:/Users/jessp/eclipse-workspace/automation-practice/src/test/resources/features/LoginPage.feature:4)
</pre></div></td>
<td>0</td>
<td>runner.CucumberTestRunner@4f0f2942</td></tr>
<tr>
<td title='runner.CucumberTestRunner.runScenario()'><b>runScenario</b><br>Test class: runner.CucumberTestRunner<br>Test method: Runs Cucumber Scenarios<br>Parameters: "Login with valid credentials", "Login to Poco Mega Store"</td>
<td><div><pre>java.lang.IllegalArgumentException: Driver must be set
	at org.openqa.selenium.internal.Require.nonNull(Require.java:63)
	at org.openqa.selenium.interactions.Actions.&lt;init&gt;(Actions.java:67)
	at org.openqa.selenium.interactions.Actions.&lt;init&gt;(Actions.java:63)
	at pages.HomePage.navigateToLogin(HomePage.java:42)
	at tests.LoginPageTest.goToLoginPage(LoginPageTest.java:35)
	at ✽.User is on Poco Mega Store login page &quot;https://ecommerce-playground.lambdatest.io/index.php?route=account/login&quot;(file:///C:/Users/jessp/eclipse-workspace/automation-practice/src/test/resources/features/LoginPage.feature:4)
</pre></div><a href='#' onClick='toggleBox("stack-trace1107275448", this, "Click to show all stack frames", "Click to hide stack frames")'>Click to show all stack frames</a>
<div class='stack-trace' id='stack-trace1107275448'><pre>java.lang.IllegalArgumentException: Driver must be set
	at org.openqa.selenium.internal.Require.nonNull(Require.java:63)
	at org.openqa.selenium.interactions.Actions.&lt;init&gt;(Actions.java:67)
	at org.openqa.selenium.interactions.Actions.&lt;init&gt;(Actions.java:63)
	at pages.HomePage.navigateToLogin(HomePage.java:42)
	at tests.LoginPageTest.goToLoginPage(LoginPageTest.java:35)
	at ✽.User is on Poco Mega Store login page &quot;https://ecommerce-playground.lambdatest.io/index.php?route=account/login&quot;(file:///C:/Users/jessp/eclipse-workspace/automation-practice/src/test/resources/features/LoginPage.feature:4)
</pre></div></td>
<td>0</td>
<td>runner.CucumberTestRunner@4f0f2942</td></tr>
<tr>
<td title='runner.CucumberTestRunner.runScenario()'><b>runScenario</b><br>Test class: runner.CucumberTestRunner<br>Test method: Runs Cucumber Scenarios<br>Parameters: "Login with invalid credentials", "Login to Poco Mega Store"</td>
<td><div><pre>java.lang.IllegalArgumentException: Driver must be set
	at org.openqa.selenium.internal.Require.nonNull(Require.java:63)
	at org.openqa.selenium.interactions.Actions.&lt;init&gt;(Actions.java:67)
	at org.openqa.selenium.interactions.Actions.&lt;init&gt;(Actions.java:63)
	at pages.HomePage.navigateToLogin(HomePage.java:42)
	at tests.LoginPageTest.goToLoginPage(LoginPageTest.java:35)
	at ✽.User is on Poco Mega Store login page &quot;https://ecommerce-playground.lambdatest.io/index.php?route=account/login&quot;(file:///C:/Users/jessp/eclipse-workspace/automation-practice/src/test/resources/features/LoginPage.feature:4)
</pre></div><a href='#' onClick='toggleBox("stack-trace212416033", this, "Click to show all stack frames", "Click to hide stack frames")'>Click to show all stack frames</a>
<div class='stack-trace' id='stack-trace212416033'><pre>java.lang.IllegalArgumentException: Driver must be set
	at org.openqa.selenium.internal.Require.nonNull(Require.java:63)
	at org.openqa.selenium.interactions.Actions.&lt;init&gt;(Actions.java:67)
	at org.openqa.selenium.interactions.Actions.&lt;init&gt;(Actions.java:63)
	at pages.HomePage.navigateToLogin(HomePage.java:42)
	at tests.LoginPageTest.goToLoginPage(LoginPageTest.java:35)
	at ✽.User is on Poco Mega Store login page &quot;https://ecommerce-playground.lambdatest.io/index.php?route=account/login&quot;(file:///C:/Users/jessp/eclipse-workspace/automation-practice/src/test/resources/features/LoginPage.feature:4)
</pre></div></td>
<td>0</td>
<td>runner.CucumberTestRunner@4f0f2942</td></tr>
<tr>
<td title='runner.CucumberTestRunner.runScenario()'><b>runScenario</b><br>Test class: runner.CucumberTestRunner<br>Test method: Runs Cucumber Scenarios<br>Parameters: "Login with invalid credentials", "Login to Poco Mega Store"</td>
<td><div><pre>java.lang.IllegalArgumentException: Driver must be set
	at org.openqa.selenium.internal.Require.nonNull(Require.java:63)
	at org.openqa.selenium.interactions.Actions.&lt;init&gt;(Actions.java:67)
	at org.openqa.selenium.interactions.Actions.&lt;init&gt;(Actions.java:63)
	at pages.HomePage.navigateToLogin(HomePage.java:42)
	at tests.LoginPageTest.goToLoginPage(LoginPageTest.java:35)
	at ✽.User is on Poco Mega Store login page &quot;https://ecommerce-playground.lambdatest.io/index.php?route=account/login&quot;(file:///C:/Users/jessp/eclipse-workspace/automation-practice/src/test/resources/features/LoginPage.feature:4)
</pre></div><a href='#' onClick='toggleBox("stack-trace1026001741", this, "Click to show all stack frames", "Click to hide stack frames")'>Click to show all stack frames</a>
<div class='stack-trace' id='stack-trace1026001741'><pre>java.lang.IllegalArgumentException: Driver must be set
	at org.openqa.selenium.internal.Require.nonNull(Require.java:63)
	at org.openqa.selenium.interactions.Actions.&lt;init&gt;(Actions.java:67)
	at org.openqa.selenium.interactions.Actions.&lt;init&gt;(Actions.java:63)
	at pages.HomePage.navigateToLogin(HomePage.java:42)
	at tests.LoginPageTest.goToLoginPage(LoginPageTest.java:35)
	at ✽.User is on Poco Mega Store login page &quot;https://ecommerce-playground.lambdatest.io/index.php?route=account/login&quot;(file:///C:/Users/jessp/eclipse-workspace/automation-practice/src/test/resources/features/LoginPage.feature:4)
</pre></div></td>
<td>0</td>
<td>runner.CucumberTestRunner@4f0f2942</td></tr>
</table><p>
</body>
</html>