<?xml version="1.0" encoding="UTF-8"?>
<!-- Generated by org.testng.reporters.JUnitReportReporter -->
<testsuite hostname="DESKTOP-A2CTSOI" failures="3" tests="4" name="runner.CucumberTestRunner" time="120.552" errors="0" timestamp="2025-10-29T11:48:20 EDT" skipped="0">
  <testcase classname="runner.CucumberTestRunner" name="runScenario" time="32.087">
    <failure message="expected [true] but found [false]" type="java.lang.AssertionError">
      <![CDATA[java.lang.AssertionError: expected [true] but found [false]
at org.testng.Assert.fail(Assert.java:111)
at org.testng.Assert.failNotEquals(Assert.java:1590)
at org.testng.Assert.assertTrue(Assert.java:57)
at org.testng.Assert.assertTrue(Assert.java:67)
at tests.LoginPageTest.verifyErrorMessage(LoginPageTest.java:51)
at ✽.User should be able to see error message "<errorMessage>"(file:///C:/Users/jessp/eclipse-workspace/automation-practice/src/test/resources/features/LoginPage.feature:16)
]]>
    </failure>
  </testcase> <!-- runScenario -->
  <testcase classname="runner.CucumberTestRunner" name="runScenario" time="22.008"/>
  <testcase classname="runner.CucumberTestRunner" name="runScenario" time="33.583">
    <failure message="expected [true] but found [false]" type="java.lang.AssertionError">
      <![CDATA[java.lang.AssertionError: expected [true] but found [false]
at org.testng.Assert.fail(Assert.java:111)
at org.testng.Assert.failNotEquals(Assert.java:1590)
at org.testng.Assert.assertTrue(Assert.java:57)
at org.testng.Assert.assertTrue(Assert.java:67)
at tests.LoginPageTest.verifyErrorMessage(LoginPageTest.java:51)
at ✽.User should be able to see error message "<errorMessage>"(file:///C:/Users/jessp/eclipse-workspace/automation-practice/src/test/resources/features/LoginPage.feature:16)
]]>
    </failure>
  </testcase> <!-- runScenario -->
  <testcase classname="runner.CucumberTestRunner" name="runScenario" time="32.874">
    <failure message="expected [true] but found [false]" type="java.lang.AssertionError">
      <![CDATA[java.lang.AssertionError: expected [true] but found [false]
at org.testng.Assert.fail(Assert.java:111)
at org.testng.Assert.failNotEquals(Assert.java:1590)
at org.testng.Assert.assertTrue(Assert.java:57)
at org.testng.Assert.assertTrue(Assert.java:67)
at tests.LoginPageTest.verifyErrorMessage(LoginPageTest.java:51)
at ✽.User should be able to see error message "<errorMessage>"(file:///C:/Users/jessp/eclipse-workspace/automation-practice/src/test/resources/features/LoginPage.feature:16)
]]>
    </failure>
  </testcase> <!-- runScenario -->
</testsuite> <!-- runner.CucumberTestRunner -->
